<?xml version="1.0" encoding="UTF-8"?>
<!-- Generated by org.testng.reporters.JUnitXMLReporter -->
<testsuite hostname="LAPTOP-VH53OGEN" ignored="0" name="Default test" tests="6" failures="0" timestamp="19 Apr 2021 13:27:34 GMT" time="48.394" errors="0">
  <testcase name="testMethodForExercise1a" time="15.745" classname="ou_ogl_exercise.TestDockerLogin_WithExtentReport"/>
  <testcase name="testMethodForExercise1b" time="5.356" classname="ou_ogl_exercise.TestDockerLogin_WithExtentReport"/>
  <testcase name="testMethodForExercise1c" time="2.424" classname="ou_ogl_exercise.TestDockerLogin_WithExtentReport"/>
  <testcase name="testMethodForExercise2" time="6.982" classname="ou_ogl_exercise.TestDockerLogin_WithExtentReport"/>
  <testcase name="testMethodForExercise3" time="9.359" classname="ou_ogl_exercise.TestDockerLogin_WithExtentReport"/>
  <testcase name="testMethodForExercise4" time="8.381" classname="ou_ogl_exercise.TestDockerLogin_WithExtentReport"/>
</testsuite> <!-- Default test -->
